Grammaire

    0 $accept: lignes $end

    1 lignes: lignes error '\n'
    2       | expr error '\n'
    3       | error '\n'
    4       | lignes expr '\n'
    5       | lignes '\n'
    6       | expr '\n'
    7       | '\n'

    8 expr: '(' expr ')'
    9     | expr '+' expr
   10     | expr '-' expr
   11     | expr '*' expr
   12     | expr '/' expr
   13     | expr '%' expr
   14     | NUMBER


Terminaux, suivis des règles où ils apparaissent

    $end (0) 0
    '\n' (10) 1 2 3 4 5 6 7
    '%' (37) 13
    '(' (40) 8
    ')' (41) 8
    '*' (42) 11
    '+' (43) 9
    '-' (45) 10
    '/' (47) 12
    error (256) 1 2 3
    NUMBER <integer> (258) 14


Non-terminaux, suivis des règles où ils apparaissent

    $accept (12)
        à gauche: 0
    lignes (13)
        à gauche: 1 2 3 4 5 6 7
        à droite: 0 1 4 5
    expr <state> (14)
        à gauche: 8 9 10 11 12 13 14
        à droite: 2 4 6 8 9 10 11 12 13


État 0

    0 $accept: • lignes $end

    error   décalage et aller à l'état 1
    NUMBER  décalage et aller à l'état 2
    '\n'    décalage et aller à l'état 3
    '('     décalage et aller à l'état 4

    lignes  aller à l'état 5
    expr    aller à l'état 6


État 1

    3 lignes: error • '\n'

    '\n'  décalage et aller à l'état 7


État 2

   14 expr: NUMBER •

    $défaut  réduction par utilisation de la règle 14 (expr)


État 3

    7 lignes: '\n' •

    $défaut  réduction par utilisation de la règle 7 (lignes)


État 4

    8 expr: '(' • expr ')'

    NUMBER  décalage et aller à l'état 2
    '('     décalage et aller à l'état 4

    expr  aller à l'état 8


État 5

    0 $accept: lignes • $end
    1 lignes: lignes • error '\n'
    4       | lignes • expr '\n'
    5       | lignes • '\n'

    $end    décalage et aller à l'état 9
    error   décalage et aller à l'état 10
    NUMBER  décalage et aller à l'état 2
    '\n'    décalage et aller à l'état 11
    '('     décalage et aller à l'état 4

    expr  aller à l'état 12


État 6

    2 lignes: expr • error '\n'
    6       | expr • '\n'
    9 expr: expr • '+' expr
   10     | expr • '-' expr
   11     | expr • '*' expr
   12     | expr • '/' expr
   13     | expr • '%' expr

    error  décalage et aller à l'état 13
    '+'    décalage et aller à l'état 14
    '-'    décalage et aller à l'état 15
    '*'    décalage et aller à l'état 16
    '/'    décalage et aller à l'état 17
    '%'    décalage et aller à l'état 18
    '\n'   décalage et aller à l'état 19


État 7

    3 lignes: error '\n' •

    $défaut  réduction par utilisation de la règle 3 (lignes)


État 8

    8 expr: '(' expr • ')'
    9     | expr • '+' expr
   10     | expr • '-' expr
   11     | expr • '*' expr
   12     | expr • '/' expr
   13     | expr • '%' expr

    '+'  décalage et aller à l'état 14
    '-'  décalage et aller à l'état 15
    '*'  décalage et aller à l'état 16
    '/'  décalage et aller à l'état 17
    '%'  décalage et aller à l'état 18
    ')'  décalage et aller à l'état 20


État 9

    0 $accept: lignes $end •

    $défaut  accepter


État 10

    1 lignes: lignes error • '\n'

    '\n'  décalage et aller à l'état 21


État 11

    5 lignes: lignes '\n' •

    $défaut  réduction par utilisation de la règle 5 (lignes)


État 12

    4 lignes: lignes expr • '\n'
    9 expr: expr • '+' expr
   10     | expr • '-' expr
   11     | expr • '*' expr
   12     | expr • '/' expr
   13     | expr • '%' expr

    '+'   décalage et aller à l'état 14
    '-'   décalage et aller à l'état 15
    '*'   décalage et aller à l'état 16
    '/'   décalage et aller à l'état 17
    '%'   décalage et aller à l'état 18
    '\n'  décalage et aller à l'état 22


État 13

    2 lignes: expr error • '\n'

    '\n'  décalage et aller à l'état 23


État 14

    9 expr: expr '+' • expr

    NUMBER  décalage et aller à l'état 2
    '('     décalage et aller à l'état 4

    expr  aller à l'état 24


État 15

   10 expr: expr '-' • expr

    NUMBER  décalage et aller à l'état 2
    '('     décalage et aller à l'état 4

    expr  aller à l'état 25


État 16

   11 expr: expr '*' • expr

    NUMBER  décalage et aller à l'état 2
    '('     décalage et aller à l'état 4

    expr  aller à l'état 26


État 17

   12 expr: expr '/' • expr

    NUMBER  décalage et aller à l'état 2
    '('     décalage et aller à l'état 4

    expr  aller à l'état 27


État 18

   13 expr: expr '%' • expr

    NUMBER  décalage et aller à l'état 2
    '('     décalage et aller à l'état 4

    expr  aller à l'état 28


État 19

    6 lignes: expr '\n' •

    $défaut  réduction par utilisation de la règle 6 (lignes)


État 20

    8 expr: '(' expr ')' •

    $défaut  réduction par utilisation de la règle 8 (expr)


État 21

    1 lignes: lignes error '\n' •

    $défaut  réduction par utilisation de la règle 1 (lignes)


État 22

    4 lignes: lignes expr '\n' •

    $défaut  réduction par utilisation de la règle 4 (lignes)


État 23

    2 lignes: expr error '\n' •

    $défaut  réduction par utilisation de la règle 2 (lignes)


État 24

    9 expr: expr • '+' expr
    9     | expr '+' expr •
   10     | expr • '-' expr
   11     | expr • '*' expr
   12     | expr • '/' expr
   13     | expr • '%' expr

    '*'  décalage et aller à l'état 16
    '/'  décalage et aller à l'état 17
    '%'  décalage et aller à l'état 18

    $défaut  réduction par utilisation de la règle 9 (expr)


État 25

    9 expr: expr • '+' expr
   10     | expr • '-' expr
   10     | expr '-' expr •
   11     | expr • '*' expr
   12     | expr • '/' expr
   13     | expr • '%' expr

    '*'  décalage et aller à l'état 16
    '/'  décalage et aller à l'état 17
    '%'  décalage et aller à l'état 18

    $défaut  réduction par utilisation de la règle 10 (expr)


État 26

    9 expr: expr • '+' expr
   10     | expr • '-' expr
   11     | expr • '*' expr
   11     | expr '*' expr •
   12     | expr • '/' expr
   13     | expr • '%' expr

    $défaut  réduction par utilisation de la règle 11 (expr)


État 27

    9 expr: expr • '+' expr
   10     | expr • '-' expr
   11     | expr • '*' expr
   12     | expr • '/' expr
   12     | expr '/' expr •
   13     | expr • '%' expr

    $défaut  réduction par utilisation de la règle 12 (expr)


État 28

    9 expr: expr • '+' expr
   10     | expr • '-' expr
   11     | expr • '*' expr
   12     | expr • '/' expr
   13     | expr • '%' expr
   13     | expr '%' expr •

    $défaut  réduction par utilisation de la règle 13 (expr)
