Grammaire

    0 $accept: lignes $end

    1 lignes: lignes error '\n'
    2       | expr error '\n'
    3       | error '\n'
    4       | lignes expr '\n'
    5       | lignes '\n'
    6       | expr '\n'
    7       | '\n'

    8 expr: '(' expr ')'
    9     | expr '+' expr
   10     | expr '-' expr
   11     | expr '*' expr
   12     | expr '/' expr
   13     | expr '%' expr
   14     | expr '^' expr
   15     | expr EQ expr
   16     | expr NEQ expr
   17     | expr AND expr
   18     | expr OR expr
   19     | NUMBER
   20     | BOOLEAN


Terminaux, suivis des règles où ils apparaissent

    $end (0) 0
    '\n' (10) 1 2 3 4 5 6 7
    '%' (37) 13
    '(' (40) 8
    ')' (41) 8
    '*' (42) 11
    '+' (43) 9
    '-' (45) 10
    '/' (47) 12
    '^' (94) 14
    error (256) 1 2 3
    NUMBER <integer> (258) 19
    BOOLEAN <boolean> (259) 20
    EQ (260) 15
    NEQ (261) 16
    AND (262) 17
    OR (263) 18


Non-terminaux, suivis des règles où ils apparaissent

    $accept (18)
        à gauche: 0
    lignes (19)
        à gauche: 1 2 3 4 5 6 7
        à droite: 0 1 4 5
    expr <state> (20)
        à gauche: 8 9 10 11 12 13 14 15 16 17 18 19 20
        à droite: 2 4 6 8 9 10 11 12 13 14 15 16 17 18


État 0

    0 $accept: • lignes $end

    error    décalage et aller à l'état 1
    NUMBER   décalage et aller à l'état 2
    BOOLEAN  décalage et aller à l'état 3
    '\n'     décalage et aller à l'état 4
    '('      décalage et aller à l'état 5

    lignes  aller à l'état 6
    expr    aller à l'état 7


État 1

    3 lignes: error • '\n'

    '\n'  décalage et aller à l'état 8


État 2

   19 expr: NUMBER •

    $défaut  réduction par utilisation de la règle 19 (expr)


État 3

   20 expr: BOOLEAN •

    $défaut  réduction par utilisation de la règle 20 (expr)


État 4

    7 lignes: '\n' •

    $défaut  réduction par utilisation de la règle 7 (lignes)


État 5

    8 expr: '(' • expr ')'

    NUMBER   décalage et aller à l'état 2
    BOOLEAN  décalage et aller à l'état 3
    '('      décalage et aller à l'état 5

    expr  aller à l'état 9


État 6

    0 $accept: lignes • $end
    1 lignes: lignes • error '\n'
    4       | lignes • expr '\n'
    5       | lignes • '\n'

    $end     décalage et aller à l'état 10
    error    décalage et aller à l'état 11
    NUMBER   décalage et aller à l'état 2
    BOOLEAN  décalage et aller à l'état 3
    '\n'     décalage et aller à l'état 12
    '('      décalage et aller à l'état 5

    expr  aller à l'état 13


État 7

    2 lignes: expr • error '\n'
    6       | expr • '\n'
    9 expr: expr • '+' expr
   10     | expr • '-' expr
   11     | expr • '*' expr
   12     | expr • '/' expr
   13     | expr • '%' expr
   14     | expr • '^' expr
   15     | expr • EQ expr
   16     | expr • NEQ expr
   17     | expr • AND expr
   18     | expr • OR expr

    error  décalage et aller à l'état 14
    EQ     décalage et aller à l'état 15
    NEQ    décalage et aller à l'état 16
    AND    décalage et aller à l'état 17
    OR     décalage et aller à l'état 18
    '+'    décalage et aller à l'état 19
    '-'    décalage et aller à l'état 20
    '*'    décalage et aller à l'état 21
    '/'    décalage et aller à l'état 22
    '%'    décalage et aller à l'état 23
    '^'    décalage et aller à l'état 24
    '\n'   décalage et aller à l'état 25


État 8

    3 lignes: error '\n' •

    $défaut  réduction par utilisation de la règle 3 (lignes)


État 9

    8 expr: '(' expr • ')'
    9     | expr • '+' expr
   10     | expr • '-' expr
   11     | expr • '*' expr
   12     | expr • '/' expr
   13     | expr • '%' expr
   14     | expr • '^' expr
   15     | expr • EQ expr
   16     | expr • NEQ expr
   17     | expr • AND expr
   18     | expr • OR expr

    EQ   décalage et aller à l'état 15
    NEQ  décalage et aller à l'état 16
    AND  décalage et aller à l'état 17
    OR   décalage et aller à l'état 18
    '+'  décalage et aller à l'état 19
    '-'  décalage et aller à l'état 20
    '*'  décalage et aller à l'état 21
    '/'  décalage et aller à l'état 22
    '%'  décalage et aller à l'état 23
    '^'  décalage et aller à l'état 24
    ')'  décalage et aller à l'état 26


État 10

    0 $accept: lignes $end •

    $défaut  accepter


État 11

    1 lignes: lignes error • '\n'

    '\n'  décalage et aller à l'état 27


État 12

    5 lignes: lignes '\n' •

    $défaut  réduction par utilisation de la règle 5 (lignes)


État 13

    4 lignes: lignes expr • '\n'
    9 expr: expr • '+' expr
   10     | expr • '-' expr
   11     | expr • '*' expr
   12     | expr • '/' expr
   13     | expr • '%' expr
   14     | expr • '^' expr
   15     | expr • EQ expr
   16     | expr • NEQ expr
   17     | expr • AND expr
   18     | expr • OR expr

    EQ    décalage et aller à l'état 15
    NEQ   décalage et aller à l'état 16
    AND   décalage et aller à l'état 17
    OR    décalage et aller à l'état 18
    '+'   décalage et aller à l'état 19
    '-'   décalage et aller à l'état 20
    '*'   décalage et aller à l'état 21
    '/'   décalage et aller à l'état 22
    '%'   décalage et aller à l'état 23
    '^'   décalage et aller à l'état 24
    '\n'  décalage et aller à l'état 28


État 14

    2 lignes: expr error • '\n'

    '\n'  décalage et aller à l'état 29


État 15

   15 expr: expr EQ • expr

    NUMBER   décalage et aller à l'état 2
    BOOLEAN  décalage et aller à l'état 3
    '('      décalage et aller à l'état 5

    expr  aller à l'état 30


État 16

   16 expr: expr NEQ • expr

    NUMBER   décalage et aller à l'état 2
    BOOLEAN  décalage et aller à l'état 3
    '('      décalage et aller à l'état 5

    expr  aller à l'état 31


État 17

   17 expr: expr AND • expr

    NUMBER   décalage et aller à l'état 2
    BOOLEAN  décalage et aller à l'état 3
    '('      décalage et aller à l'état 5

    expr  aller à l'état 32


État 18

   18 expr: expr OR • expr

    NUMBER   décalage et aller à l'état 2
    BOOLEAN  décalage et aller à l'état 3
    '('      décalage et aller à l'état 5

    expr  aller à l'état 33


État 19

    9 expr: expr '+' • expr

    NUMBER   décalage et aller à l'état 2
    BOOLEAN  décalage et aller à l'état 3
    '('      décalage et aller à l'état 5

    expr  aller à l'état 34


État 20

   10 expr: expr '-' • expr

    NUMBER   décalage et aller à l'état 2
    BOOLEAN  décalage et aller à l'état 3
    '('      décalage et aller à l'état 5

    expr  aller à l'état 35


État 21

   11 expr: expr '*' • expr

    NUMBER   décalage et aller à l'état 2
    BOOLEAN  décalage et aller à l'état 3
    '('      décalage et aller à l'état 5

    expr  aller à l'état 36


État 22

   12 expr: expr '/' • expr

    NUMBER   décalage et aller à l'état 2
    BOOLEAN  décalage et aller à l'état 3
    '('      décalage et aller à l'état 5

    expr  aller à l'état 37


État 23

   13 expr: expr '%' • expr

    NUMBER   décalage et aller à l'état 2
    BOOLEAN  décalage et aller à l'état 3
    '('      décalage et aller à l'état 5

    expr  aller à l'état 38


État 24

   14 expr: expr '^' • expr

    NUMBER   décalage et aller à l'état 2
    BOOLEAN  décalage et aller à l'état 3
    '('      décalage et aller à l'état 5

    expr  aller à l'état 39


État 25

    6 lignes: expr '\n' •

    $défaut  réduction par utilisation de la règle 6 (lignes)


État 26

    8 expr: '(' expr ')' •

    $défaut  réduction par utilisation de la règle 8 (expr)


État 27

    1 lignes: lignes error '\n' •

    $défaut  réduction par utilisation de la règle 1 (lignes)


État 28

    4 lignes: lignes expr '\n' •

    $défaut  réduction par utilisation de la règle 4 (lignes)


État 29

    2 lignes: expr error '\n' •

    $défaut  réduction par utilisation de la règle 2 (lignes)


État 30

    9 expr: expr • '+' expr
   10     | expr • '-' expr
   11     | expr • '*' expr
   12     | expr • '/' expr
   13     | expr • '%' expr
   14     | expr • '^' expr
   15     | expr • EQ expr
   15     | expr EQ expr •
   16     | expr • NEQ expr
   17     | expr • AND expr
   18     | expr • OR expr

    AND  décalage et aller à l'état 17
    OR   décalage et aller à l'état 18
    '+'  décalage et aller à l'état 19
    '-'  décalage et aller à l'état 20
    '*'  décalage et aller à l'état 21
    '/'  décalage et aller à l'état 22
    '%'  décalage et aller à l'état 23
    '^'  décalage et aller à l'état 24

    $défaut  réduction par utilisation de la règle 15 (expr)


État 31

    9 expr: expr • '+' expr
   10     | expr • '-' expr
   11     | expr • '*' expr
   12     | expr • '/' expr
   13     | expr • '%' expr
   14     | expr • '^' expr
   15     | expr • EQ expr
   16     | expr • NEQ expr
   16     | expr NEQ expr •
   17     | expr • AND expr
   18     | expr • OR expr

    AND  décalage et aller à l'état 17
    OR   décalage et aller à l'état 18
    '+'  décalage et aller à l'état 19
    '-'  décalage et aller à l'état 20
    '*'  décalage et aller à l'état 21
    '/'  décalage et aller à l'état 22
    '%'  décalage et aller à l'état 23
    '^'  décalage et aller à l'état 24

    $défaut  réduction par utilisation de la règle 16 (expr)


État 32

    9 expr: expr • '+' expr
   10     | expr • '-' expr
   11     | expr • '*' expr
   12     | expr • '/' expr
   13     | expr • '%' expr
   14     | expr • '^' expr
   15     | expr • EQ expr
   16     | expr • NEQ expr
   17     | expr • AND expr
   17     | expr AND expr •
   18     | expr • OR expr

    '+'  décalage et aller à l'état 19
    '-'  décalage et aller à l'état 20
    '*'  décalage et aller à l'état 21
    '/'  décalage et aller à l'état 22
    '%'  décalage et aller à l'état 23
    '^'  décalage et aller à l'état 24

    $défaut  réduction par utilisation de la règle 17 (expr)


État 33

    9 expr: expr • '+' expr
   10     | expr • '-' expr
   11     | expr • '*' expr
   12     | expr • '/' expr
   13     | expr • '%' expr
   14     | expr • '^' expr
   15     | expr • EQ expr
   16     | expr • NEQ expr
   17     | expr • AND expr
   18     | expr • OR expr
   18     | expr OR expr •

    '+'  décalage et aller à l'état 19
    '-'  décalage et aller à l'état 20
    '*'  décalage et aller à l'état 21
    '/'  décalage et aller à l'état 22
    '%'  décalage et aller à l'état 23
    '^'  décalage et aller à l'état 24

    $défaut  réduction par utilisation de la règle 18 (expr)


État 34

    9 expr: expr • '+' expr
    9     | expr '+' expr •
   10     | expr • '-' expr
   11     | expr • '*' expr
   12     | expr • '/' expr
   13     | expr • '%' expr
   14     | expr • '^' expr
   15     | expr • EQ expr
   16     | expr • NEQ expr
   17     | expr • AND expr
   18     | expr • OR expr

    '*'  décalage et aller à l'état 21
    '/'  décalage et aller à l'état 22
    '%'  décalage et aller à l'état 23
    '^'  décalage et aller à l'état 24

    $défaut  réduction par utilisation de la règle 9 (expr)


État 35

    9 expr: expr • '+' expr
   10     | expr • '-' expr
   10     | expr '-' expr •
   11     | expr • '*' expr
   12     | expr • '/' expr
   13     | expr • '%' expr
   14     | expr • '^' expr
   15     | expr • EQ expr
   16     | expr • NEQ expr
   17     | expr • AND expr
   18     | expr • OR expr

    '*'  décalage et aller à l'état 21
    '/'  décalage et aller à l'état 22
    '%'  décalage et aller à l'état 23
    '^'  décalage et aller à l'état 24

    $défaut  réduction par utilisation de la règle 10 (expr)


État 36

    9 expr: expr • '+' expr
   10     | expr • '-' expr
   11     | expr • '*' expr
   11     | expr '*' expr •
   12     | expr • '/' expr
   13     | expr • '%' expr
   14     | expr • '^' expr
   15     | expr • EQ expr
   16     | expr • NEQ expr
   17     | expr • AND expr
   18     | expr • OR expr

    $défaut  réduction par utilisation de la règle 11 (expr)


État 37

    9 expr: expr • '+' expr
   10     | expr • '-' expr
   11     | expr • '*' expr
   12     | expr • '/' expr
   12     | expr '/' expr •
   13     | expr • '%' expr
   14     | expr • '^' expr
   15     | expr • EQ expr
   16     | expr • NEQ expr
   17     | expr • AND expr
   18     | expr • OR expr

    $défaut  réduction par utilisation de la règle 12 (expr)


État 38

    9 expr: expr • '+' expr
   10     | expr • '-' expr
   11     | expr • '*' expr
   12     | expr • '/' expr
   13     | expr • '%' expr
   13     | expr '%' expr •
   14     | expr • '^' expr
   15     | expr • EQ expr
   16     | expr • NEQ expr
   17     | expr • AND expr
   18     | expr • OR expr

    $défaut  réduction par utilisation de la règle 13 (expr)


État 39

    9 expr: expr • '+' expr
   10     | expr • '-' expr
   11     | expr • '*' expr
   12     | expr • '/' expr
   13     | expr • '%' expr
   14     | expr • '^' expr
   14     | expr '^' expr •
   15     | expr • EQ expr
   16     | expr • NEQ expr
   17     | expr • AND expr
   18     | expr • OR expr

    $défaut  réduction par utilisation de la règle 14 (expr)
